<?xml version="1.0" encoding="UTF-8"?>
<!-- Generated by org.testng.reporters.JUnitReportReporter -->
<testsuite hostname="DESKTOP-0GHR3KF" failures="0" tests="1" name="tests.SearchProductTest" time="34.442" errors="0" timestamp="2023-04-04T15:05:37 ICT" skipped="0">
  <testcase classname="tests.SearchProductTest" name="TC20_searchProductsAndVerifyCartAfterLogin" time="34.442"/>
  <system-out/>
</testsuite> <!-- tests.SearchProductTest -->
